<?xml version="1.0" encoding="UTF-8"?>
<!-- Generated by org.testng.reporters.JUnitReportReporter -->
<testsuite skipped="0" hostname="LAPTOP-2CUQSPR5" name="Resurrection_Selenium4.Resurrection_Selenium4.Grid4" tests="2" failures="0" timestamp="2021-12-05T14:50:42 IST" time="47.540" errors="0">
  <testcase name="StandAloneChrome" time="23.802" classname="Resurrection_Selenium4.Resurrection_Selenium4.Grid4"/>
  <system-out/>
  <testcase name="StandAloneChrome" time="23.738" classname="Resurrection_Selenium4.Resurrection_Selenium4.Grid4"/>
  <system-out/>
</testsuite> <!-- Resurrection_Selenium4.Resurrection_Selenium4.Grid4 -->
